

Version:	3.12
CmdLine:	D:\AutoBrake_ComputerSite_System\exe\MSBA_ComputerSite_System.exe --l4j-debug
WOW64:		yes
Working dir:	D:\AutoBrake_ComputerSite_System\exe\.
Java min ver:	
Java max ver:	
Bundled JRE:	. \ jre
Check launcher:	D:\AutoBrake_ComputerSite_System\exe\. \ jre\bin\javaw.exe (not found)
Error msg:	This application was configured to use a bundled Java Runtime Environment but the runtime is missing or corrupted.


Version:	3.12
CmdLine:	D:\AutoBrake_ComputerSite_System\exe\MSBA_ComputerSite_System.exe --l4j-debug
WOW64:		yes
Working dir:	D:\AutoBrake_ComputerSite_System\exe\.
Java min ver:	
Java max ver:	
Bundled JRE:	. \ jre
Check launcher:	D:\AutoBrake_ComputerSite_System\exe\. \ jre\bin\javaw.exe (not found)
Error msg:	This application was configured to use a bundled Java Runtime Environment but the runtime is missing or corrupted.


Version:	3.12
CmdLine:	D:\AutoBrake_ComputerSite_System\exe\MSBA_ComputerSite_System.exe --l4j-debug
WOW64:		yes
Working dir:	D:\AutoBrake_ComputerSite_System\exe\.
Java min ver:	1.014.000_000
Java max ver:	1.014.000_001
64-bit search:	SOFTWARE\JavaSoft\Java Runtime Environment...
32-bit search:	SOFTWARE\JavaSoft\Java Runtime Environment...
Check:		SOFTWARE\JavaSoft\Java Runtime Environment\1.8
Ignore:		1.008.000
Check:		SOFTWARE\JavaSoft\Java Runtime Environment\1.8.0_251
Ignore:		1.008.000_251
64-bit search:	SOFTWARE\JavaSoft\Java Development Kit...
32-bit search:	SOFTWARE\JavaSoft\Java Development Kit...
64-bit search:	SOFTWARE\JavaSoft\JRE...
32-bit search:	SOFTWARE\JavaSoft\JRE...
64-bit search:	SOFTWARE\JavaSoft\JDK...
Check:		SOFTWARE\JavaSoft\JDK\14.0.1
Check launcher:	C:\Program Files\Java\jdk-14.0.1\bin\javaw.exe (OK)
Match:		1.014.000_001
Runtime used:	1.014.000_001 (64-bit)
Launcher:	C:\Program Files\Java\jdk-14.0.1\bin\javaw.exe
Launcher args:	-jar "D:\AutoBrake_ComputerSite_System\exe\MSBA_ComputerSite_System.exe"
Args length:	72/32768 chars
Error msg:	An error occurred while starting the application.


Version:	3.12
CmdLine:	D:\AutoBrake_ComputerSite_System\exe\MSBA_ComputerSite_System.exe --l4j-debug
WOW64:		yes
Working dir:	D:\AutoBrake_ComputerSite_System\exe\.
Java min ver:	1.014.000_000
Java max ver:	1.014.000_001
64-bit search:	SOFTWARE\JavaSoft\Java Runtime Environment...
32-bit search:	SOFTWARE\JavaSoft\Java Runtime Environment...
Check:		SOFTWARE\JavaSoft\Java Runtime Environment\1.8
Ignore:		1.008.000
Check:		SOFTWARE\JavaSoft\Java Runtime Environment\1.8.0_251
Ignore:		1.008.000_251
64-bit search:	SOFTWARE\JavaSoft\Java Development Kit...
32-bit search:	SOFTWARE\JavaSoft\Java Development Kit...
64-bit search:	SOFTWARE\JavaSoft\JRE...
32-bit search:	SOFTWARE\JavaSoft\JRE...
64-bit search:	SOFTWARE\JavaSoft\JDK...
Check:		SOFTWARE\JavaSoft\JDK\14.0.1
Check launcher:	C:\Program Files\Java\jdk-14.0.1\bin\javaw.exe (OK)
Match:		1.014.000_001
Runtime used:	1.014.000_001 (64-bit)
Launcher:	C:\Program Files\Java\jdk-14.0.1\bin\javaw.exe
Launcher args:	-jar "D:\AutoBrake_ComputerSite_System\exe\MSBA_ComputerSite_System.exe"
Args length:	72/32768 chars
Error msg:	An error occurred while starting the application.


Version:	3.12
CmdLine:	D:\AutoBrake_ComputerSite_System\exe\MSBA_ComputerSite_System.exe --l4j-debug
WOW64:		yes
Working dir:	D:\AutoBrake_ComputerSite_System\exe\.
Java min ver:	1.014.000_000
Java max ver:	1.014.000_001
64-bit search:	SOFTWARE\JavaSoft\Java Runtime Environment...
32-bit search:	SOFTWARE\JavaSoft\Java Runtime Environment...
Check:		SOFTWARE\JavaSoft\Java Runtime Environment\1.8
Ignore:		1.008.000
Check:		SOFTWARE\JavaSoft\Java Runtime Environment\1.8.0_251
Ignore:		1.008.000_251
64-bit search:	SOFTWARE\JavaSoft\Java Development Kit...
32-bit search:	SOFTWARE\JavaSoft\Java Development Kit...
64-bit search:	SOFTWARE\JavaSoft\JRE...
32-bit search:	SOFTWARE\JavaSoft\JRE...
64-bit search:	SOFTWARE\JavaSoft\JDK...
Check:		SOFTWARE\JavaSoft\JDK\14.0.1
Check launcher:	C:\Program Files\Java\jdk-14.0.1\bin\javaw.exe (OK)
Match:		1.014.000_001
Runtime used:	1.014.000_001 (64-bit)
Launcher:	C:\Program Files\Java\jdk-14.0.1\bin\javaw.exe
Launcher args:	-jar "D:\AutoBrake_ComputerSite_System\exe\MSBA_ComputerSite_System.exe"
Args length:	72/32768 chars
Error msg:	An error occurred while starting the application.


Version:	3.12
CmdLine:	D:\AutoBrake_ComputerSite_System\exe\MSBA_ComputerSite_System.exe --l4j-debug
WOW64:		yes
Working dir:	D:\AutoBrake_ComputerSite_System\exe\.
Java min ver:	1.014.000_000
Java max ver:	1.014.000_001
64-bit search:	SOFTWARE\JavaSoft\Java Runtime Environment...
32-bit search:	SOFTWARE\JavaSoft\Java Runtime Environment...
Check:		SOFTWARE\JavaSoft\Java Runtime Environment\1.8
Ignore:		1.008.000
Check:		SOFTWARE\JavaSoft\Java Runtime Environment\1.8.0_251
Ignore:		1.008.000_251
64-bit search:	SOFTWARE\JavaSoft\Java Development Kit...
32-bit search:	SOFTWARE\JavaSoft\Java Development Kit...
64-bit search:	SOFTWARE\JavaSoft\JRE...
32-bit search:	SOFTWARE\JavaSoft\JRE...
64-bit search:	SOFTWARE\JavaSoft\JDK...
Check:		SOFTWARE\JavaSoft\JDK\14.0.1
Check launcher:	C:\Program Files\Java\jdk-14.0.1\bin\javaw.exe (OK)
Match:		1.014.000_001
Runtime used:	1.014.000_001 (64-bit)
Launcher:	C:\Program Files\Java\jdk-14.0.1\bin\javaw.exe
Launcher args:	-jar "D:\AutoBrake_ComputerSite_System\exe\MSBA_ComputerSite_System.exe"
Args length:	72/32768 chars
Error msg:	An error occurred while starting the application.


Version:	3.12
CmdLine:	D:\AutoBrake_ComputerSite_System\exe\MSBA_ComputerSite_System.exe --l4j-debug
WOW64:		yes
Working dir:	D:\AutoBrake_ComputerSite_System\exe\.
Java min ver:	1.014.000_000
Java max ver:	1.014.000_001
64-bit search:	SOFTWARE\JavaSoft\Java Runtime Environment...
32-bit search:	SOFTWARE\JavaSoft\Java Runtime Environment...
Check:		SOFTWARE\JavaSoft\Java Runtime Environment\1.8
Ignore:		1.008.000
Check:		SOFTWARE\JavaSoft\Java Runtime Environment\1.8.0_251
Ignore:		1.008.000_251
64-bit search:	SOFTWARE\JavaSoft\Java Development Kit...
32-bit search:	SOFTWARE\JavaSoft\Java Development Kit...
64-bit search:	SOFTWARE\JavaSoft\JRE...
32-bit search:	SOFTWARE\JavaSoft\JRE...
64-bit search:	SOFTWARE\JavaSoft\JDK...
Check:		SOFTWARE\JavaSoft\JDK\14.0.1
Check launcher:	C:\Program Files\Java\jdk-14.0.1\bin\javaw.exe (OK)
Match:		1.014.000_001
Runtime used:	1.014.000_001 (64-bit)
Launcher:	C:\Program Files\Java\jdk-14.0.1\bin\javaw.exe
Launcher args:	-jar "D:\AutoBrake_ComputerSite_System\exe\MSBA_ComputerSite_System.exe"
Args length:	72/32768 chars
Error msg:	An error occurred while starting the application.


Version:	3.12
CmdLine:	D:\AutoBrake_ComputerSite_System\exe\MSBA_ComputerSite_System.exe --l4j-debug
WOW64:		yes
Working dir:	D:\AutoBrake_ComputerSite_System\exe\.
Java min ver:	1.014.000_000
Java max ver:	1.014.000_001
64-bit search:	SOFTWARE\JavaSoft\Java Runtime Environment...
32-bit search:	SOFTWARE\JavaSoft\Java Runtime Environment...
64-bit search:	SOFTWARE\JavaSoft\Java Development Kit...
32-bit search:	SOFTWARE\JavaSoft\Java Development Kit...
64-bit search:	SOFTWARE\JavaSoft\JRE...
32-bit search:	SOFTWARE\JavaSoft\JRE...
64-bit search:	SOFTWARE\JavaSoft\JDK...
Check:		SOFTWARE\JavaSoft\JDK\14.0.1
Check launcher:	C:\Program Files\Java\jdk-14.0.1\bin\javaw.exe (OK)
Match:		1.014.000_001
Runtime used:	1.014.000_001 (64-bit)
Launcher:	C:\Program Files\Java\jdk-14.0.1\bin\javaw.exe
Launcher args:	-jar "D:\AutoBrake_ComputerSite_System\exe\MSBA_ComputerSite_System.exe"
Args length:	72/32768 chars
Error msg:	An error occurred while starting the application.


Version:	3.12
CmdLine:	D:\AutoBrake_ComputerSite_System\exe\MSBA_ComputerSite_System.exe --l4j-debug
WOW64:		yes
Working dir:	D:\AutoBrake_ComputerSite_System\exe\.
Java min ver:	1.014.000_000
Java max ver:	1.014.000_001
64-bit search:	SOFTWARE\JavaSoft\Java Runtime Environment...
32-bit search:	SOFTWARE\JavaSoft\Java Runtime Environment...
64-bit search:	SOFTWARE\JavaSoft\Java Development Kit...
32-bit search:	SOFTWARE\JavaSoft\Java Development Kit...
64-bit search:	SOFTWARE\JavaSoft\JRE...
32-bit search:	SOFTWARE\JavaSoft\JRE...
64-bit search:	SOFTWARE\JavaSoft\JDK...
Check:		SOFTWARE\JavaSoft\JDK\14.0.1
Check launcher:	C:\Program Files\Java\jdk-14.0.1\bin\javaw.exe (OK)
Match:		1.014.000_001
Runtime used:	1.014.000_001 (64-bit)
Launcher:	C:\Program Files\Java\jdk-14.0.1\bin\javaw.exe
Launcher args:	-jar "D:\AutoBrake_ComputerSite_System\exe\MSBA_ComputerSite_System.exe"
Args length:	72/32768 chars
Error msg:	An error occurred while starting the application.


Version:	3.12
CmdLine:	D:\AutoBrake_ComputerSite_System\exe\MSBA_ComputerSite_System.exe --l4j-debug
WOW64:		yes
Working dir:	D:\AutoBrake_ComputerSite_System\exe\.
Java min ver:	
Java max ver:	
Bundled JRE:	jre1.8.0_251
Check launcher:	D:\AutoBrake_ComputerSite_System\exe\jre1.8.0_251\bin\javaw.exe (not found)
Error msg:	This application was configured to use a bundled Java Runtime Environment but the runtime is missing or corrupted.


Version:	3.12
CmdLine:	D:\AutoBrake_ComputerSite_System\exe\MSBA_ComputerSite_System.exe --l4j-debug
WOW64:		yes
Working dir:	D:\AutoBrake_ComputerSite_System\exe\.
Java min ver:	
Java max ver:	
Bundled JRE:	jre1.8.0_251
Check launcher:	D:\AutoBrake_ComputerSite_System\exe\jre1.8.0_251\bin\javaw.exe (not found)
Error msg:	This application was configured to use a bundled Java Runtime Environment but the runtime is missing or corrupted.


Version:	3.12
CmdLine:	D:\AutoBrake_ComputerSite_System\exe\MSBA_ComputerSite_System.exe --l4j-debug
WOW64:		yes
Working dir:	D:\AutoBrake_ComputerSite_System\exe\.
Java min ver:	
Java max ver:	
Bundled JRE:	jre1.8.0_251
Check launcher:	D:\AutoBrake_ComputerSite_System\exe\jre1.8.0_251\bin\javaw.exe (not found)
Error msg:	This application was configured to use a bundled Java Runtime Environment but the runtime is missing or corrupted.


Version:	3.12
CmdLine:	D:\AutoBrake_ComputerSite_System\exe\MSBA_ComputerSite_System.exe --l4j-debug
WOW64:		yes
Working dir:	D:\AutoBrake_ComputerSite_System\exe\.
Java min ver:	
Java max ver:	
Bundled JRE:	jre1.8.0_251
Check launcher:	D:\AutoBrake_ComputerSite_System\exe\jre1.8.0_251\bin\javaw.exe (not found)
Error msg:	This application was configured to use a bundled Java Runtime Environment but the runtime is missing or corrupted.


Version:	3.12
CmdLine:	D:\AutoBrake_ComputerSite_System\exe\MSBA_ComputerSite_System.exe --l4j-debug
WOW64:		yes
Working dir:	D:\AutoBrake_ComputerSite_System\exe\.
Java min ver:	
Java max ver:	
Bundled JRE:	jre1.8.0_251
Check launcher:	D:\AutoBrake_ComputerSite_System\exe\jre1.8.0_251\bin\javaw.exe (not found)
Error msg:	This application was configured to use a bundled Java Runtime Environment but the runtime is missing or corrupted.


Version:	3.12
CmdLine:	D:\AutoBrake_ComputerSite_System\exe\MSBA_ComputerSite_System.exe --l4j-debug
WOW64:		yes
Working dir:	D:\AutoBrake_ComputerSite_System\exe\.
Java min ver:	
Java max ver:	
Bundled JRE:	jre1.8.0_251
Check launcher:	D:\AutoBrake_ComputerSite_System\exe\jre1.8.0_251\bin\javaw.exe (not found)
Error msg:	This application was configured to use a bundled Java Runtime Environment but the runtime is missing or corrupted.


Version:	3.12
CmdLine:	D:\AutoBrake_ComputerSite_System\exe\MSBA_ComputerSite_System.exe --l4j-debug
WOW64:		yes
Working dir:	D:\AutoBrake_ComputerSite_System\exe\.
Java min ver:	1.007.000
Java max ver:	1.008.002
64-bit search:	SOFTWARE\JavaSoft\Java Runtime Environment...
32-bit search:	SOFTWARE\JavaSoft\Java Runtime Environment...
64-bit search:	SOFTWARE\JavaSoft\JRE...
32-bit search:	SOFTWARE\JavaSoft\JRE...
64-bit search:	SOFTWARE\IBM\Java Runtime Environment...
32-bit search:	SOFTWARE\IBM\Java Runtime Environment...
64-bit search:	SOFTWARE\IBM\Java2 Runtime Environment...
32-bit search:	SOFTWARE\IBM\Java2 Runtime Environment...
Error msg:	This application requires a Java Runtime Environment 1.7.0 - 1.8.2
Open URL:	http://java.com/download


Version:	3.12
CmdLine:	D:\AutoBrake_ComputerSite_System\exe\MSBA_ComputerSite_System.exe --l4j-debug
WOW64:		yes
Working dir:	D:\AutoBrake_ComputerSite_System\exe\.
Java min ver:	1.007.000
Java max ver:	1.008.002
64-bit search:	SOFTWARE\JavaSoft\Java Runtime Environment...
32-bit search:	SOFTWARE\JavaSoft\Java Runtime Environment...
64-bit search:	SOFTWARE\JavaSoft\JRE...
32-bit search:	SOFTWARE\JavaSoft\JRE...
64-bit search:	SOFTWARE\IBM\Java Runtime Environment...
32-bit search:	SOFTWARE\IBM\Java Runtime Environment...
64-bit search:	SOFTWARE\IBM\Java2 Runtime Environment...
32-bit search:	SOFTWARE\IBM\Java2 Runtime Environment...
Error msg:	This application requires a Java Runtime Environment 1.7.0 - 1.8.2
Open URL:	http://java.com/download


Version:	3.12
CmdLine:	D:\AutoBrake_ComputerSite_System\exe\MSBA_ComputerSite_System.exe --l4j-debug
WOW64:		yes
Working dir:	D:\AutoBrake_ComputerSite_System\exe\.
Java min ver:	1.007.000
Java max ver:	1.008.002
64-bit search:	SOFTWARE\JavaSoft\Java Runtime Environment...
32-bit search:	SOFTWARE\JavaSoft\Java Runtime Environment...
64-bit search:	SOFTWARE\JavaSoft\JRE...
32-bit search:	SOFTWARE\JavaSoft\JRE...
64-bit search:	SOFTWARE\IBM\Java Runtime Environment...
32-bit search:	SOFTWARE\IBM\Java Runtime Environment...
64-bit search:	SOFTWARE\IBM\Java2 Runtime Environment...
32-bit search:	SOFTWARE\IBM\Java2 Runtime Environment...
Error msg:	This application requires a Java Runtime Environment 1.7.0 - 1.8.2
Open URL:	http://java.com/download


Version:	3.12
CmdLine:	D:\AutoBrake_ComputerSite_System\exe\MSBA_ComputerSite_System.exe --l4j-debug
WOW64:		yes
Working dir:	D:\AutoBrake_ComputerSite_System\exe\.
Java min ver:	1.007.000
Java max ver:	1.008.002
64-bit search:	SOFTWARE\JavaSoft\Java Runtime Environment...
32-bit search:	SOFTWARE\JavaSoft\Java Runtime Environment...
64-bit search:	SOFTWARE\JavaSoft\JRE...
32-bit search:	SOFTWARE\JavaSoft\JRE...
64-bit search:	SOFTWARE\IBM\Java Runtime Environment...
32-bit search:	SOFTWARE\IBM\Java Runtime Environment...
64-bit search:	SOFTWARE\IBM\Java2 Runtime Environment...
32-bit search:	SOFTWARE\IBM\Java2 Runtime Environment...
Error msg:	This application requires a Java Runtime Environment 1.7.0 - 1.8.2
Open URL:	http://java.com/download


Version:	3.12
CmdLine:	D:\AutoBrake_ComputerSite_System\exe\MSBA_ComputerSite_System.exe --l4j-debug
WOW64:		yes
Working dir:	D:\AutoBrake_ComputerSite_System\exe\.
Java min ver:	1.007.000
Java max ver:	1.008.002
64-bit search:	SOFTWARE\JavaSoft\Java Runtime Environment...
32-bit search:	SOFTWARE\JavaSoft\Java Runtime Environment...
64-bit search:	SOFTWARE\JavaSoft\JRE...
32-bit search:	SOFTWARE\JavaSoft\JRE...
64-bit search:	SOFTWARE\IBM\Java Runtime Environment...
32-bit search:	SOFTWARE\IBM\Java Runtime Environment...
64-bit search:	SOFTWARE\IBM\Java2 Runtime Environment...
32-bit search:	SOFTWARE\IBM\Java2 Runtime Environment...
Error msg:	This application requires a Java Runtime Environment 1.7.0 - 1.8.2
Open URL:	http://java.com/download


Version:	3.12
CmdLine:	D:\AutoBrake_ComputerSite_System\exe\MSBA_ComputerSite_System.exe --l4j-debug
WOW64:		yes
Working dir:	D:\AutoBrake_ComputerSite_System\exe\.
Java min ver:	1.007.000
Java max ver:	1.008.002
64-bit search:	SOFTWARE\JavaSoft\Java Runtime Environment...
32-bit search:	SOFTWARE\JavaSoft\Java Runtime Environment...
64-bit search:	SOFTWARE\JavaSoft\JRE...
32-bit search:	SOFTWARE\JavaSoft\JRE...
64-bit search:	SOFTWARE\IBM\Java Runtime Environment...
32-bit search:	SOFTWARE\IBM\Java Runtime Environment...
64-bit search:	SOFTWARE\IBM\Java2 Runtime Environment...
32-bit search:	SOFTWARE\IBM\Java2 Runtime Environment...
Error msg:	This application requires a Java Runtime Environment 1.7.0 - 1.8.2
Open URL:	http://java.com/download


Version:	3.12
CmdLine:	D:\AutoBrake_ComputerSite_System\exe\MSBA_ComputerSite_System.exe --l4j-debug
WOW64:		yes
Working dir:	D:\AutoBrake_ComputerSite_System\exe\.
Java min ver:	
Java max ver:	
Bundled JRE:	1.8.0_251
Check launcher:	D:\AutoBrake_ComputerSite_System\exe\1.8.0_251\bin\javaw.exe (not found)
Error msg:	This application was configured to use a bundled Java Runtime Environment but the runtime is missing or corrupted.
